2020-12-25 23:25:03.099752: I tensorflow/core/platform/cpu_feature_guard.cc:142] This TensorFlow binary is optimized with oneAPI Deep Neural Network Library (oneDNN)to use the following CPU instructions in performance-critical operations:  AVX2 FMA
To enable them in other operations, rebuild TensorFlow with the appropriate compiler flags.
2020-12-25 23:25:03.193456: I tensorflow/compiler/xla/service/service.cc:168] XLA service 0x7ff927da3230 initialized for platform Host (this does not guarantee that XLA will be used). Devices:
2020-12-25 23:25:03.193514: I tensorflow/compiler/xla/service/service.cc:176]   StreamExecutor device (0): Host, Default Version
2020-12-25 23:25:05.481539: I tensorflow/core/platform/cpu_feature_guard.cc:142] This TensorFlow binary is optimized with oneAPI Deep Neural Network Library (oneDNN)to use the following CPU instructions in performance-critical operations:  AVX2 FMA
To enable them in other operations, rebuild TensorFlow with the appropriate compiler flags.
2020-12-25 23:25:05.526686: I tensorflow/compiler/xla/service/service.cc:168] XLA service 0x7fd9f1b49e40 initialized for platform Host (this does not guarantee that XLA will be used). Devices:
2020-12-25 23:25:05.526754: I tensorflow/compiler/xla/service/service.cc:176]   StreamExecutor device (0): Host, Default Version
2020-12-25 23:25:06.945102: I tensorflow/core/platform/cpu_feature_guard.cc:142] This TensorFlow binary is optimized with oneAPI Deep Neural Network Library (oneDNN)to use the following CPU instructions in performance-critical operations:  AVX2 FMA
To enable them in other operations, rebuild TensorFlow with the appropriate compiler flags.
2020-12-25 23:25:07.021509: I tensorflow/compiler/xla/service/service.cc:168] XLA service 0x7fd6de8d6a80 initialized for platform Host (this does not guarantee that XLA will be used). Devices:
2020-12-25 23:25:07.021592: I tensorflow/compiler/xla/service/service.cc:176]   StreamExecutor device (0): Host, Default Version
2020-12-25 23:25:08.656250: I tensorflow/core/platform/cpu_feature_guard.cc:142] This TensorFlow binary is optimized with oneAPI Deep Neural Network Library (oneDNN)to use the following CPU instructions in performance-critical operations:  AVX2 FMA
To enable them in other operations, rebuild TensorFlow with the appropriate compiler flags.
2020-12-25 23:25:08.718356: I tensorflow/compiler/xla/service/service.cc:168] XLA service 0x7fc7fba22ec0 initialized for platform Host (this does not guarantee that XLA will be used). Devices:
2020-12-25 23:25:08.718422: I tensorflow/compiler/xla/service/service.cc:176]   StreamExecutor device (0): Host, Default Version
2020-12-25 23:25:08.913 Python[7285:6347067] ApplePersistenceIgnoreState: Existing state will not be touched. New state will be written to (null)
2020-12-25 23:25:10.178168: I tensorflow/core/platform/cpu_feature_guard.cc:142] This TensorFlow binary is optimized with oneAPI Deep Neural Network Library (oneDNN)to use the following CPU instructions in performance-critical operations:  AVX2 FMA
To enable them in other operations, rebuild TensorFlow with the appropriate compiler flags.
2020-12-25 23:25:10.244374: I tensorflow/compiler/xla/service/service.cc:168] XLA service 0x7fbab42ac750 initialized for platform Host (this does not guarantee that XLA will be used). Devices:
2020-12-25 23:25:10.244447: I tensorflow/compiler/xla/service/service.cc:176]   StreamExecutor device (0): Host, Default Version
2020-12-25 23:25:11.160490: I tensorflow/core/platform/cpu_feature_guard.cc:142] This TensorFlow binary is optimized with oneAPI Deep Neural Network Library (oneDNN)to use the following CPU instructions in performance-critical operations:  AVX2 FMA
To enable them in other operations, rebuild TensorFlow with the appropriate compiler flags.
2020-12-25 23:25:11.198946: I tensorflow/compiler/xla/service/service.cc:168] XLA service 0x7f9d39a14270 initialized for platform Host (this does not guarantee that XLA will be used). Devices:
2020-12-25 23:25:11.199019: I tensorflow/compiler/xla/service/service.cc:176]   StreamExecutor device (0): Host, Default Version
Process Process-1:
Traceback (most recent call last):
  File "/Users/s12410074/Desktop/python/3.8/lib/python3.8/multiprocessing/process.py", line 315, in _bootstrap
    self.run()
  File "/Users/s12410074/Desktop/python/3.8/lib/python3.8/multiprocessing/process.py", line 108, in run
    self._target(*self._args, **self._kwargs)
  File "/Users/s12410074/Desktop/python/RL/my_Ape-X/main.py", line 21, in L
    leaner.run()
  File "/Users/s12410074/Desktop/python/RL/my_Ape-X/Leaner.py", line 180, in run
    X,y=self.make_batch()
  File "/Users/s12410074/Desktop/python/RL/my_Ape-X/Leaner.py", line 150, in make_batch
    action=np.argmax(main_predict[i]) #mainQを使って行動選択
IndexError: index 1 is out of bounds for axis 0 with size 1

Actor0:1.0
Actor1:1.0
Actor2:1.0
Process Process-6:
Traceback (most recent call last):
  File "/Users/s12410074/Desktop/python/3.8/lib/python3.8/multiprocessing/process.py", line 315, in _bootstrap
    self.run()
  File "/Users/s12410074/Desktop/python/3.8/lib/python3.8/multiprocessing/process.py", line 108, in run
    self._target(*self._args, **self._kwargs)
  File "/Users/s12410074/Desktop/python/RL/my_Ape-X/main.py", line 15, in A
    actor=Actor("CartPole-v0",exp_queue,param_queue,id,num_actors,leaner_working,update_param_interbal=20)
  File "/Users/s12410074/Desktop/python/RL/my_Ape-X/Actor.py", line 58, in __init__
    time.sleep(2)
KeyboardInterrupt
Process Process-5:
Traceback (most recent call last):
  File "/Users/s12410074/Desktop/python/3.8/lib/python3.8/multiprocessing/process.py", line 315, in _bootstrap
    self.run()
  File "/Users/s12410074/Desktop/python/3.8/lib/python3.8/multiprocessing/process.py", line 108, in run
    self._target(*self._args, **self._kwargs)
  File "/Users/s12410074/Desktop/python/RL/my_Ape-X/main.py", line 15, in A
    actor=Actor("CartPole-v0",exp_queue,param_queue,id,num_actors,leaner_working,update_param_interbal=20)
  File "/Users/s12410074/Desktop/python/RL/my_Ape-X/Actor.py", line 58, in __init__
    time.sleep(2)
KeyboardInterrupt
